INFO 2025-09-17 16:53:46,289 Reloading the application... api\debug\debug.cpp:17 darkp@TUFERICK
ERROR 2025-09-17 16:53:46,321 NE_RS_UNBLDRE: Unable to load application resource file /resources/.well-known/appspecific/com.chrome.devtools.json api\debug\debug.cpp:20 darkp@TUFERICK
INFO 2025-09-17 16:54:24,924 Reloading the application... api\debug\debug.cpp:17 darkp@TUFERICK
ERROR 2025-09-17 16:54:24,949 NE_RS_UNBLDRE: Unable to load application resource file /resources/.well-known/appspecific/com.chrome.devtools.json api\debug\debug.cpp:20 darkp@TUFERICK
INFO 2025-09-17 16:55:45,325 Reloading the application... api\debug\debug.cpp:17 darkp@TUFERICK
ERROR 2025-09-17 16:55:45,357 NE_RS_UNBLDRE: Unable to load application resource file /resources/.well-known/appspecific/com.chrome.devtools.json api\debug\debug.cpp:20 darkp@TUFERICK
INFO 2025-09-17 16:56:34,969 Reloading the application... api\debug\debug.cpp:17 darkp@TUFERICK
ERROR 2025-09-17 16:56:34,998 NE_RS_UNBLDRE: Unable to load application resource file /resources/.well-known/appspecific/com.chrome.devtools.json api\debug\debug.cpp:20 darkp@TUFERICK
INFO 2025-09-17 16:57:05,165 Reloading the application... api\debug\debug.cpp:17 darkp@TUFERICK
ERROR 2025-09-17 16:57:05,195 NE_RS_UNBLDRE: Unable to load application resource file /resources/.well-known/appspecific/com.chrome.devtools.json api\debug\debug.cpp:20 darkp@TUFERICK
INFO 2025-09-17 16:57:17,376 Reloading the application... api\debug\debug.cpp:17 darkp@TUFERICK
ERROR 2025-09-17 16:57:17,403 NE_RS_UNBLDRE: Unable to load application resource file /resources/.well-known/appspecific/com.chrome.devtools.json api\debug\debug.cpp:20 darkp@TUFERICK
INFO 2025-09-17 16:57:43,993 Reloading the application... api\debug\debug.cpp:17 darkp@TUFERICK
ERROR 2025-09-17 16:57:44,018 NE_RS_UNBLDRE: Unable to load application resource file /resources/.well-known/appspecific/com.chrome.devtools.json api\debug\debug.cpp:20 darkp@TUFERICK
INFO 2025-09-17 16:57:52,914 Reloading the application... api\debug\debug.cpp:17 darkp@TUFERICK
ERROR 2025-09-17 16:57:52,945 NE_RS_UNBLDRE: Unable to load application resource file /resources/.well-known/appspecific/com.chrome.devtools.json api\debug\debug.cpp:20 darkp@TUFERICK
INFO 2025-09-17 16:59:17,859 Reloading the application... api\debug\debug.cpp:17 darkp@TUFERICK
ERROR 2025-09-17 16:59:17,900 NE_RS_UNBLDRE: Unable to load application resource file /resources/.well-known/appspecific/com.chrome.devtools.json api\debug\debug.cpp:20 darkp@TUFERICK
INFO 2025-09-17 16:59:29,385 Reloading the application... api\debug\debug.cpp:17 darkp@TUFERICK
ERROR 2025-09-17 16:59:29,410 NE_RS_UNBLDRE: Unable to load application resource file /resources/.well-known/appspecific/com.chrome.devtools.json api\debug\debug.cpp:20 darkp@TUFERICK
INFO 2025-09-17 16:59:46,200 Reloading the application... api\debug\debug.cpp:17 darkp@TUFERICK
ERROR 2025-09-17 16:59:46,234 NE_RS_UNBLDRE: Unable to load application resource file /resources/.well-known/appspecific/com.chrome.devtools.json api\debug\debug.cpp:20 darkp@TUFERICK
INFO 2025-09-17 16:59:56,381 Reloading the application... api\debug\debug.cpp:17 darkp@TUFERICK
ERROR 2025-09-17 16:59:56,417 NE_RS_UNBLDRE: Unable to load application resource file /resources/.well-known/appspecific/com.chrome.devtools.json api\debug\debug.cpp:20 darkp@TUFERICK
INFO 2025-09-17 17:00:47,968 Reloading the application... api\debug\debug.cpp:17 darkp@TUFERICK
ERROR 2025-09-17 17:00:47,995 NE_RS_UNBLDRE: Unable to load application resource file /resources/.well-known/appspecific/com.chrome.devtools.json api\debug\debug.cpp:20 darkp@TUFERICK
INFO 2025-09-17 17:01:14,991 Reloading the application... api\debug\debug.cpp:17 darkp@TUFERICK
ERROR 2025-09-17 17:01:15,017 NE_RS_UNBLDRE: Unable to load application resource file /resources/.well-known/appspecific/com.chrome.devtools.json api\debug\debug.cpp:20 darkp@TUFERICK
INFO 2025-09-17 17:01:26,873 Reloading the application... api\debug\debug.cpp:17 darkp@TUFERICK
ERROR 2025-09-17 17:01:26,904 NE_RS_UNBLDRE: Unable to load application resource file /resources/.well-known/appspecific/com.chrome.devtools.json api\debug\debug.cpp:20 darkp@TUFERICK
INFO 2025-09-17 17:01:35,976 Reloading the application... api\debug\debug.cpp:17 darkp@TUFERICK
ERROR 2025-09-17 17:01:36,011 NE_RS_UNBLDRE: Unable to load application resource file /resources/.well-known/appspecific/com.chrome.devtools.json api\debug\debug.cpp:20 darkp@TUFERICK
INFO 2025-09-17 17:02:22,257 Reloading the application... api\debug\debug.cpp:17 darkp@TUFERICK
ERROR 2025-09-17 17:02:22,281 NE_RS_UNBLDRE: Unable to load application resource file /resources/.well-known/appspecific/com.chrome.devtools.json api\debug\debug.cpp:20 darkp@TUFERICK
INFO 2025-09-17 17:02:48,635 Reloading the application... api\debug\debug.cpp:17 darkp@TUFERICK
ERROR 2025-09-17 17:02:48,658 NE_RS_UNBLDRE: Unable to load application resource file /resources/.well-known/appspecific/com.chrome.devtools.json api\debug\debug.cpp:20 darkp@TUFERICK
INFO 2025-09-17 17:02:57,184 Reloading the application... api\debug\debug.cpp:17 darkp@TUFERICK
ERROR 2025-09-17 17:02:57,208 NE_RS_UNBLDRE: Unable to load application resource file /resources/.well-known/appspecific/com.chrome.devtools.json api\debug\debug.cpp:20 darkp@TUFERICK
INFO 2025-09-17 17:04:08,685 Reloading the application... api\debug\debug.cpp:17 darkp@TUFERICK
ERROR 2025-09-17 17:04:08,711 NE_RS_UNBLDRE: Unable to load application resource file /resources/.well-known/appspecific/com.chrome.devtools.json api\debug\debug.cpp:20 darkp@TUFERICK
INFO 2025-09-17 17:06:24,140 Reloading the application... api\debug\debug.cpp:17 darkp@TUFERICK
ERROR 2025-09-17 17:06:24,170 NE_RS_UNBLDRE: Unable to load application resource file /resources/.well-known/appspecific/com.chrome.devtools.json api\debug\debug.cpp:20 darkp@TUFERICK
INFO 2025-09-17 17:08:34,777 Reloading the application... api\debug\debug.cpp:17 darkp@TUFERICK
ERROR 2025-09-17 17:08:34,800 NE_RS_UNBLDRE: Unable to load application resource file /resources/.well-known/appspecific/com.chrome.devtools.json api\debug\debug.cpp:20 darkp@TUFERICK
INFO 2025-09-17 17:12:06,912 Reloading the application... api\debug\debug.cpp:17 darkp@TUFERICK
ERROR 2025-09-17 17:12:06,945 NE_RS_UNBLDRE: Unable to load application resource file /resources/.well-known/appspecific/com.chrome.devtools.json api\debug\debug.cpp:20 darkp@TUFERICK
INFO 2025-09-17 17:12:34,149 Reloading the application... api\debug\debug.cpp:17 darkp@TUFERICK
ERROR 2025-09-17 17:12:34,175 NE_RS_UNBLDRE: Unable to load application resource file /resources/.well-known/appspecific/com.chrome.devtools.json api\debug\debug.cpp:20 darkp@TUFERICK
INFO 2025-09-17 17:12:40,598 Reloading the application... api\debug\debug.cpp:17 darkp@TUFERICK
ERROR 2025-09-17 17:12:40,633 NE_RS_UNBLDRE: Unable to load application resource file /resources/.well-known/appspecific/com.chrome.devtools.json api\debug\debug.cpp:20 darkp@TUFERICK
INFO 2025-09-17 17:12:54,534 Reloading the application... api\debug\debug.cpp:17 darkp@TUFERICK
ERROR 2025-09-17 17:12:54,562 NE_RS_UNBLDRE: Unable to load application resource file /resources/.well-known/appspecific/com.chrome.devtools.json api\debug\debug.cpp:20 darkp@TUFERICK
INFO 2025-09-17 17:15:56,401 Reloading the application... api\debug\debug.cpp:17 darkp@TUFERICK
ERROR 2025-09-17 17:15:56,428 NE_RS_UNBLDRE: Unable to load application resource file /resources/.well-known/appspecific/com.chrome.devtools.json api\debug\debug.cpp:20 darkp@TUFERICK
INFO 2025-09-17 17:16:05,929 Reloading the application... api\debug\debug.cpp:17 darkp@TUFERICK
ERROR 2025-09-17 17:16:05,963 NE_RS_UNBLDRE: Unable to load application resource file /resources/.well-known/appspecific/com.chrome.devtools.json api\debug\debug.cpp:20 darkp@TUFERICK
INFO 2025-09-17 17:16:13,949 Reloading the application... api\debug\debug.cpp:17 darkp@TUFERICK
ERROR 2025-09-17 17:16:13,976 NE_RS_UNBLDRE: Unable to load application resource file /resources/.well-known/appspecific/com.chrome.devtools.json api\debug\debug.cpp:20 darkp@TUFERICK
INFO 2025-09-17 17:17:07,688 Reloading the application... api\debug\debug.cpp:17 darkp@TUFERICK
ERROR 2025-09-17 17:17:07,714 NE_RS_UNBLDRE: Unable to load application resource file /resources/.well-known/appspecific/com.chrome.devtools.json api\debug\debug.cpp:20 darkp@TUFERICK
INFO 2025-09-17 17:17:34,383 Reloading the application... api\debug\debug.cpp:17 darkp@TUFERICK
ERROR 2025-09-17 17:17:34,417 NE_RS_UNBLDRE: Unable to load application resource file /resources/.well-known/appspecific/com.chrome.devtools.json api\debug\debug.cpp:20 darkp@TUFERICK
INFO 2025-09-17 17:17:45,899 Reloading the application... api\debug\debug.cpp:17 darkp@TUFERICK
ERROR 2025-09-17 17:17:45,928 NE_RS_UNBLDRE: Unable to load application resource file /resources/.well-known/appspecific/com.chrome.devtools.json api\debug\debug.cpp:20 darkp@TUFERICK
INFO 2025-09-17 17:17:49,181 Reloading the application... api\debug\debug.cpp:17 darkp@TUFERICK
ERROR 2025-09-17 17:17:49,198 NE_RS_UNBLDRE: Unable to load application resource file /resources/.well-known/appspecific/com.chrome.devtools.json api\debug\debug.cpp:20 darkp@TUFERICK
INFO 2025-09-17 17:20:52,029 Reloading the application... api\debug\debug.cpp:17 darkp@TUFERICK
ERROR 2025-09-17 17:20:52,071 NE_RS_UNBLDRE: Unable to load application resource file /resources/.well-known/appspecific/com.chrome.devtools.json api\debug\debug.cpp:20 darkp@TUFERICK
INFO 2025-09-17 17:21:10,897 Reloading the application... api\debug\debug.cpp:17 darkp@TUFERICK
ERROR 2025-09-17 17:21:10,923 NE_RS_UNBLDRE: Unable to load application resource file /resources/.well-known/appspecific/com.chrome.devtools.json api\debug\debug.cpp:20 darkp@TUFERICK
INFO 2025-09-17 17:23:12,365 Reloading the application... api\debug\debug.cpp:17 darkp@TUFERICK
INFO 2025-09-17 17:23:12,366 Reloading the application... api\debug\debug.cpp:17 darkp@TUFERICK
INFO 2025-09-17 17:23:12,370 Reloading the application... api\debug\debug.cpp:17 darkp@TUFERICK
ERROR 2025-09-17 17:23:12,408 NE_RS_UNBLDRE: Unable to load application resource file /resources/.well-known/appspecific/com.chrome.devtools.json api\debug\debug.cpp:20 darkp@TUFERICK
INFO 2025-09-17 17:23:26,959 Reloading the application... api\debug\debug.cpp:17 darkp@TUFERICK
ERROR 2025-09-17 17:23:26,983 NE_RS_UNBLDRE: Unable to load application resource file /resources/.well-known/appspecific/com.chrome.devtools.json api\debug\debug.cpp:20 darkp@TUFERICK
INFO 2025-09-17 17:29:18,297 Auth info was exported to ./.tmp/auth_info.json api\debug\debug.cpp:17 darkp@TUFERICK
ERROR 2025-09-17 17:29:18,999 NE_RS_UNBLDRE: Unable to load application resource file /resources/favicon.ico api\debug\debug.cpp:20 darkp@TUFERICK
ERROR 2025-09-17 17:29:19,291 NE_RS_UNBLDRE: Unable to load application resource file /resources/.well-known/appspecific/com.chrome.devtools.json api\debug\debug.cpp:20 darkp@TUFERICK
INFO 2025-09-17 17:31:26,532 Auth info was exported to ./.tmp/auth_info.json api\debug\debug.cpp:17 darkp@TUFERICK
ERROR 2025-09-17 17:31:27,408 NE_RS_UNBLDRE: Unable to load application resource file /resources/favicon.ico api\debug\debug.cpp:20 darkp@TUFERICK
ERROR 2025-09-17 17:31:27,810 NE_RS_UNBLDRE: Unable to load application resource file /resources/.well-known/appspecific/com.chrome.devtools.json api\debug\debug.cpp:20 darkp@TUFERICK
INFO 2025-09-17 17:31:47,812 Reloading the application... api\debug\debug.cpp:17 darkp@TUFERICK
ERROR 2025-09-17 17:31:47,842 NE_RS_UNBLDRE: Unable to load application resource file /resources/.well-known/appspecific/com.chrome.devtools.json api\debug\debug.cpp:20 darkp@TUFERICK
INFO 2025-09-17 17:32:06,501 Reloading the application... api\debug\debug.cpp:17 darkp@TUFERICK
ERROR 2025-09-17 17:32:06,529 NE_RS_UNBLDRE: Unable to load application resource file /resources/.well-known/appspecific/com.chrome.devtools.json api\debug\debug.cpp:20 darkp@TUFERICK
INFO 2025-09-17 17:32:29,606 Reloading the application... api\debug\debug.cpp:17 darkp@TUFERICK
ERROR 2025-09-17 17:32:29,639 NE_RS_UNBLDRE: Unable to load application resource file /resources/.well-known/appspecific/com.chrome.devtools.json api\debug\debug.cpp:20 darkp@TUFERICK
INFO 2025-09-17 17:33:24,016 Reloading the application... api\debug\debug.cpp:17 darkp@TUFERICK
ERROR 2025-09-17 17:33:24,041 NE_RS_UNBLDRE: Unable to load application resource file /resources/.well-known/appspecific/com.chrome.devtools.json api\debug\debug.cpp:20 darkp@TUFERICK
INFO 2025-09-17 17:36:11,141 Reloading the application... api\debug\debug.cpp:17 darkp@TUFERICK
INFO 2025-09-17 17:36:11,141 Reloading the application... api\debug\debug.cpp:17 darkp@TUFERICK
INFO 2025-09-17 17:36:11,149 Reloading the application... api\debug\debug.cpp:17 darkp@TUFERICK
INFO 2025-09-17 17:36:11,153 Reloading the application... api\debug\debug.cpp:17 darkp@TUFERICK
ERROR 2025-09-17 17:36:11,207 NE_RS_UNBLDRE: Unable to load application resource file /resources/.well-known/appspecific/com.chrome.devtools.json api\debug\debug.cpp:20 darkp@TUFERICK
INFO 2025-09-17 17:37:13,539 Reloading the application... api\debug\debug.cpp:17 darkp@TUFERICK
INFO 2025-09-17 17:37:13,539 Reloading the application... api\debug\debug.cpp:17 darkp@TUFERICK
INFO 2025-09-17 17:37:13,543 Reloading the application... api\debug\debug.cpp:17 darkp@TUFERICK
ERROR 2025-09-17 17:37:13,591 NE_RS_UNBLDRE: Unable to load application resource file /resources/.well-known/appspecific/com.chrome.devtools.json api\debug\debug.cpp:20 darkp@TUFERICK
INFO 2025-09-17 17:37:44,309 Reloading the application... api\debug\debug.cpp:17 darkp@TUFERICK
ERROR 2025-09-17 17:37:44,344 NE_RS_UNBLDRE: Unable to load application resource file /resources/.well-known/appspecific/com.chrome.devtools.json api\debug\debug.cpp:20 darkp@TUFERICK
INFO 2025-09-17 17:38:13,784 Reloading the application... api\debug\debug.cpp:17 darkp@TUFERICK
ERROR 2025-09-17 17:38:13,821 NE_RS_UNBLDRE: Unable to load application resource file /resources/.well-known/appspecific/com.chrome.devtools.json api\debug\debug.cpp:20 darkp@TUFERICK
INFO 2025-09-17 17:39:22,946 Reloading the application... api\debug\debug.cpp:17 darkp@TUFERICK
ERROR 2025-09-17 17:39:22,980 NE_RS_UNBLDRE: Unable to load application resource file /resources/.well-known/appspecific/com.chrome.devtools.json api\debug\debug.cpp:20 darkp@TUFERICK
INFO 2025-09-17 17:39:37,296 Reloading the application... api\debug\debug.cpp:17 darkp@TUFERICK
ERROR 2025-09-17 17:39:37,326 NE_RS_UNBLDRE: Unable to load application resource file /resources/.well-known/appspecific/com.chrome.devtools.json api\debug\debug.cpp:20 darkp@TUFERICK
INFO 2025-09-17 17:39:44,333 Reloading the application... api\debug\debug.cpp:17 darkp@TUFERICK
ERROR 2025-09-17 17:39:44,358 NE_RS_UNBLDRE: Unable to load application resource file /resources/.well-known/appspecific/com.chrome.devtools.json api\debug\debug.cpp:20 darkp@TUFERICK
INFO 2025-09-17 17:41:02,474 Reloading the application... api\debug\debug.cpp:17 darkp@TUFERICK
ERROR 2025-09-17 17:41:02,491 NE_RS_UNBLDRE: Unable to load application resource file /resources/.well-known/appspecific/com.chrome.devtools.json api\debug\debug.cpp:20 darkp@TUFERICK
INFO 2025-09-17 17:42:42,476 Reloading the application... api\debug\debug.cpp:17 darkp@TUFERICK
ERROR 2025-09-17 17:42:42,512 NE_RS_UNBLDRE: Unable to load application resource file /resources/.well-known/appspecific/com.chrome.devtools.json api\debug\debug.cpp:20 darkp@TUFERICK
INFO 2025-09-17 17:42:51,352 Reloading the application... api\debug\debug.cpp:17 darkp@TUFERICK
ERROR 2025-09-17 17:42:51,377 NE_RS_UNBLDRE: Unable to load application resource file /resources/.well-known/appspecific/com.chrome.devtools.json api\debug\debug.cpp:20 darkp@TUFERICK
INFO 2025-09-17 17:44:57,197 Reloading the application... api\debug\debug.cpp:17 darkp@TUFERICK
ERROR 2025-09-17 17:44:57,272 NE_RS_UNBLDRE: Unable to load application resource file /resources/.well-known/appspecific/com.chrome.devtools.json api\debug\debug.cpp:20 darkp@TUFERICK
INFO 2025-09-17 17:47:10,900 Reloading the application... api\debug\debug.cpp:17 darkp@TUFERICK
ERROR 2025-09-17 17:47:10,932 NE_RS_UNBLDRE: Unable to load application resource file /resources/.well-known/appspecific/com.chrome.devtools.json api\debug\debug.cpp:20 darkp@TUFERICK
INFO 2025-09-17 17:47:19,370 Auth info was exported to ./.tmp/auth_info.json api\debug\debug.cpp:17 darkp@TUFERICK
ERROR 2025-09-17 17:47:20,123 NE_RS_UNBLDRE: Unable to load application resource file /fonts/Outfit-VariableFont_wght.ttf api\debug\debug.cpp:20 darkp@TUFERICK
ERROR 2025-09-17 17:47:20,186 NE_RS_UNBLDRE: Unable to load application resource file /favicon.ico api\debug\debug.cpp:20 darkp@TUFERICK
ERROR 2025-09-17 17:47:20,431 NE_RS_UNBLDRE: Unable to load application resource file /.well-known/appspecific/com.chrome.devtools.json api\debug\debug.cpp:20 darkp@TUFERICK
INFO 2025-09-17 17:47:39,462 Reloading the application... api\debug\debug.cpp:17 darkp@TUFERICK
ERROR 2025-09-17 17:47:39,498 NE_RS_UNBLDRE: Unable to load application resource file /.well-known/appspecific/com.chrome.devtools.json api\debug\debug.cpp:20 darkp@TUFERICK
ERROR 2025-09-17 17:47:39,524 NE_RS_UNBLDRE: Unable to load application resource file /fonts/Outfit-VariableFont_wght.ttf api\debug\debug.cpp:20 darkp@TUFERICK
INFO 2025-09-17 17:49:28,951 Auth info was exported to ./.tmp/auth_info.json api\debug\debug.cpp:17 darkp@TUFERICK
ERROR 2025-09-17 17:49:29,705 NE_RS_UNBLDRE: Unable to load application resource file /resources/favicon.ico api\debug\debug.cpp:20 darkp@TUFERICK
ERROR 2025-09-17 17:49:29,995 NE_RS_UNBLDRE: Unable to load application resource file /resources/.well-known/appspecific/com.chrome.devtools.json api\debug\debug.cpp:20 darkp@TUFERICK
INFO 2025-09-17 17:49:46,151 Reloading the application... api\debug\debug.cpp:17 darkp@TUFERICK
ERROR 2025-09-17 17:49:46,188 NE_RS_UNBLDRE: Unable to load application resource file /resources/.well-known/appspecific/com.chrome.devtools.json api\debug\debug.cpp:20 darkp@TUFERICK
